{"numTotalTestSuites":2,"numPassedTestSuites":2,"numFailedTestSuites":0,"numPendingTestSuites":0,"numTotalTests":3,"numPassedTests":3,"numFailedTests":0,"numPendingTests":0,"numTodoTests":0,"startTime":1723359801599,"success":true,"testResults":[{"assertionResults":[{"ancestorTitles":["","User Service tests"],"fullName":" User Service tests Get users happy path","status":"passed","title":"Get users happy path","duration":2,"failureMessages":[]},{"ancestorTitles":["","User Service tests"],"fullName":" User Service tests Get user by id","status":"passed","title":"Get user by id","duration":0,"failureMessages":[]},{"ancestorTitles":["","User Service tests"],"fullName":" User Service tests it should be ok","status":"passed","title":"it should be ok","duration":0,"failureMessages":[]}],"startTime":1723359801862,"endTime":1723359801864,"status":"passed","message":"","name":"/home/imanhpr/Desktop/sandbox/fastify-action/src/services/test/user.service.spec.ts"}]}